<?xml version="1.0" encoding="UTF-8"?>
<!-- Generated by org.testng.reporters.JUnitReportReporter -->
<testsuite skipped="0" hostname="PC" name="com.blazeDemo.tests.BookFlightTest" tests="4" failures="0" timestamp="09 Jun 2021 09:18:33 GMT" time="4.454" errors="0">
  <testcase name="bookingConfirm" time="0.162" classname="com.blazeDemo.tests.BookFlightTest"/>
  <testcase name="selectFlight" time="0.840" classname="com.blazeDemo.tests.BookFlightTest"/>
  <testcase name="purchaseFlightTicket" time="2.286" classname="com.blazeDemo.tests.BookFlightTest"/>
  <testcase name="searchAndSelectFlight" time="1.166" classname="com.blazeDemo.tests.BookFlightTest"/>
</testsuite> <!-- com.blazeDemo.tests.BookFlightTest -->
