<?xml version="1.0" encoding="UTF-8"?>
<!-- Generated by org.testng.reporters.JUnitReportReporter -->
<testsuite skipped="0" hostname="PC" name="com.blazeDemo.tests.HomePageTest" tests="2" failures="0" timestamp="06 Jun 2021 16:18:37 GMT" time="0.189" errors="0">
  <testcase name="validateHomePageHeaderText" time="0.158" classname="com.blazeDemo.tests.HomePageTest"/>
  <testcase name="validateHomePageTitle" time="0.031" classname="com.blazeDemo.tests.HomePageTest"/>
</testsuite> <!-- com.blazeDemo.tests.HomePageTest -->
