<?xml version="1.0" encoding="UTF-8"?>
<!-- Generated by org.testng.reporters.JUnitReportReporter -->
<testsuite skipped="0" hostname="PC" name="com.tests.DemoTest" tests="1" failures="0" timestamp="06 Jun 2021 11:48:57 GMT" time="0.218" errors="0">
  <testcase name="demoTest" time="0.218" classname="com.tests.DemoTest"/>
</testsuite> <!-- com.tests.DemoTest -->
