<?xml version="1.0" encoding="UTF-8"?>
<!-- Generated by org.testng.reporters.JUnitReportReporter -->
<testsuite skipped="0" hostname="PC" name="com.blazeDemo.utils.DataProviderUtility" tests="1" failures="0" timestamp="08 Jun 2021 10:41:32 GMT" time="0.000" errors="0">
  <testcase name="AddVariants" time="0.000" classname="com.blazeDemo.utils.DataProviderUtility"/>
</testsuite> <!-- com.blazeDemo.utils.DataProviderUtility -->
